<?xml version="1.0" encoding="UTF-8"?>
<!-- Generated by org.testng.reporters.JUnitXMLReporter -->
<testsuite ignored="0" hostname="LAPTOP-EKBJM42A" failures="0" tests="4" name="Default test" time="22.351" errors="0" timestamp="2025-08-15T12:30:53 AEST">
  <testcase classname="tests.LoginTest" name="validateLoginPageTitle" time="0.096"/>
  <testcase classname="tests.LoginTest" name="validateLoginFieldsPresence" time="0.211"/>
  <testcase classname="tests.LoginTest" name="validateEmptyUsernameAndPassword" time="0.72"/>
  <testcase classname="tests.LoginTest" name="validateSuccessfulLogin" time="1.297"/>
</testsuite> <!-- Default test -->
